  [1m[36m (1.2ms)[0m  [1mCREATE TABLE "schema_migrations" ("version" varchar(255) NOT NULL) [0m
  [1m[35m (0.1ms)[0m  select sqlite_version(*)
  [1m[36m (0.9ms)[0m  [1mCREATE UNIQUE INDEX "unique_schema_migrations" ON "schema_migrations" ("version")[0m
  [1m[35mActiveRecord::SchemaMigration Load (0.1ms)[0m  SELECT "schema_migrations".* FROM "schema_migrations"
Migrating to CreateClients (20141006190400)
  [1m[36m (0.1ms)[0m  [1mbegin transaction[0m
  [1m[35m (1.8ms)[0m  CREATE TABLE "clients" ("id" INTEGER PRIMARY KEY AUTOINCREMENT NOT NULL, "created_at" datetime, "updated_at" datetime) 
  [1m[36mSQL (0.3ms)[0m  [1mINSERT INTO "schema_migrations" ("version") VALUES (?)[0m  [["version", "20141006190400"]]
  [1m[35m (1.1ms)[0m  commit transaction
Migrating to CreateTherapists (20141006190413)
  [1m[36m (0.1ms)[0m  [1mbegin transaction[0m
  [1m[35m (0.5ms)[0m  CREATE TABLE "therapists" ("id" INTEGER PRIMARY KEY AUTOINCREMENT NOT NULL, "created_at" datetime, "updated_at" datetime) 
  [1m[36mSQL (0.3ms)[0m  [1mINSERT INTO "schema_migrations" ("version") VALUES (?)[0m  [["version", "20141006190413"]]
  [1m[35m (1.0ms)[0m  commit transaction
Migrating to CreateAppointments (20141006190423)
  [1m[36m (0.1ms)[0m  [1mbegin transaction[0m
  [1m[35m (0.4ms)[0m  CREATE TABLE "appointments" ("id" INTEGER PRIMARY KEY AUTOINCREMENT NOT NULL, "created_at" datetime, "updated_at" datetime) 
  [1m[36mSQL (0.2ms)[0m  [1mINSERT INTO "schema_migrations" ("version") VALUES (?)[0m  [["version", "20141006190423"]]
  [1m[35m (0.9ms)[0m  commit transaction
Migrating to AddDeviseToClients (20141006191813)
  [1m[36m (0.1ms)[0m  [1mbegin transaction[0m
  [1m[35m (0.5ms)[0m  ALTER TABLE "clients" ADD "email" varchar(255) DEFAULT '' NOT NULL
  [1m[36m (0.2ms)[0m  [1mALTER TABLE "clients" ADD "encrypted_password" varchar(255) DEFAULT '' NOT NULL[0m
  [1m[35m (0.2ms)[0m  ALTER TABLE "clients" ADD "reset_password_token" varchar(255)
  [1m[36m (0.2ms)[0m  [1mALTER TABLE "clients" ADD "reset_password_sent_at" datetime[0m
  [1m[35m (0.2ms)[0m  ALTER TABLE "clients" ADD "remember_created_at" datetime
  [1m[36m (0.5ms)[0m  [1mALTER TABLE "clients" ADD "sign_in_count" integer DEFAULT 0 NOT NULL[0m
  [1m[35m (0.2ms)[0m  ALTER TABLE "clients" ADD "current_sign_in_at" datetime
  [1m[36m (0.2ms)[0m  [1mALTER TABLE "clients" ADD "last_sign_in_at" datetime[0m
  [1m[35m (0.3ms)[0m  ALTER TABLE "clients" ADD "current_sign_in_ip" varchar(255)
  [1m[36m (0.2ms)[0m  [1mALTER TABLE "clients" ADD "last_sign_in_ip" varchar(255)[0m
  [1m[35m (1.7ms)[0m  CREATE UNIQUE INDEX "index_clients_on_email" ON "clients" ("email")
  [1m[36m (0.1ms)[0m  [1m            SELECT sql
            FROM sqlite_master
            WHERE name='index_clients_on_email' AND type='index'
            UNION ALL
            SELECT sql
            FROM sqlite_temp_master
            WHERE name='index_clients_on_email' AND type='index'
[0m
  [1m[35m (0.2ms)[0m  CREATE UNIQUE INDEX "index_clients_on_reset_password_token" ON "clients" ("reset_password_token")
  [1m[36mSQL (0.2ms)[0m  [1mINSERT INTO "schema_migrations" ("version") VALUES (?)[0m  [["version", "20141006191813"]]
  [1m[35m (1.1ms)[0m  commit transaction
  [1m[36mActiveRecord::SchemaMigration Load (0.1ms)[0m  [1mSELECT "schema_migrations".* FROM "schema_migrations"[0m
  [1m[35m (0.2ms)[0m              SELECT sql
            FROM sqlite_master
            WHERE name='index_clients_on_reset_password_token' AND type='index'
            UNION ALL
            SELECT sql
            FROM sqlite_temp_master
            WHERE name='index_clients_on_reset_password_token' AND type='index'

  [1m[36m (0.1ms)[0m  [1m            SELECT sql
            FROM sqlite_master
            WHERE name='index_clients_on_email' AND type='index'
            UNION ALL
            SELECT sql
            FROM sqlite_temp_master
            WHERE name='index_clients_on_email' AND type='index'
[0m
  [1m[36mActiveRecord::SchemaMigration Load (0.1ms)[0m  [1mSELECT "schema_migrations".* FROM "schema_migrations"[0m
Migrating to AddDeviseToTherapists (20141006194214)
  [1m[35m (0.1ms)[0m  begin transaction
  [1m[36m (0.6ms)[0m  [1mALTER TABLE "therapists" ADD "email" varchar(255) DEFAULT '' NOT NULL[0m
  [1m[35m (0.2ms)[0m  ALTER TABLE "therapists" ADD "encrypted_password" varchar(255) DEFAULT '' NOT NULL
  [1m[36m (0.2ms)[0m  [1mALTER TABLE "therapists" ADD "reset_password_token" varchar(255)[0m
  [1m[35m (0.2ms)[0m  ALTER TABLE "therapists" ADD "reset_password_sent_at" datetime
  [1m[36m (0.2ms)[0m  [1mALTER TABLE "therapists" ADD "remember_created_at" datetime[0m
  [1m[35m (0.3ms)[0m  ALTER TABLE "therapists" ADD "sign_in_count" integer DEFAULT 0 NOT NULL
  [1m[36m (0.2ms)[0m  [1mALTER TABLE "therapists" ADD "current_sign_in_at" datetime[0m
  [1m[35m (0.2ms)[0m  ALTER TABLE "therapists" ADD "last_sign_in_at" datetime
  [1m[36m (0.2ms)[0m  [1mALTER TABLE "therapists" ADD "current_sign_in_ip" varchar(255)[0m
  [1m[35m (0.2ms)[0m  ALTER TABLE "therapists" ADD "last_sign_in_ip" varchar(255)
  [1m[36m (0.1ms)[0m  [1mselect sqlite_version(*)[0m
  [1m[35m (1.2ms)[0m  CREATE UNIQUE INDEX "index_therapists_on_email" ON "therapists" ("email")
  [1m[36m (0.2ms)[0m  [1m            SELECT sql
            FROM sqlite_master
            WHERE name='index_therapists_on_email' AND type='index'
            UNION ALL
            SELECT sql
            FROM sqlite_temp_master
            WHERE name='index_therapists_on_email' AND type='index'
[0m
  [1m[35m (0.2ms)[0m  CREATE UNIQUE INDEX "index_therapists_on_reset_password_token" ON "therapists" ("reset_password_token")
  [1m[36mSQL (0.3ms)[0m  [1mINSERT INTO "schema_migrations" ("version") VALUES (?)[0m  [["version", "20141006194214"]]
  [1m[35m (0.9ms)[0m  commit transaction
  [1m[36mActiveRecord::SchemaMigration Load (0.1ms)[0m  [1mSELECT "schema_migrations".* FROM "schema_migrations"[0m
  [1m[35m (0.1ms)[0m              SELECT sql
            FROM sqlite_master
            WHERE name='index_clients_on_reset_password_token' AND type='index'
            UNION ALL
            SELECT sql
            FROM sqlite_temp_master
            WHERE name='index_clients_on_reset_password_token' AND type='index'

  [1m[36m (0.1ms)[0m  [1m            SELECT sql
            FROM sqlite_master
            WHERE name='index_clients_on_email' AND type='index'
            UNION ALL
            SELECT sql
            FROM sqlite_temp_master
            WHERE name='index_clients_on_email' AND type='index'
[0m
  [1m[35m (0.1ms)[0m              SELECT sql
            FROM sqlite_master
            WHERE name='index_therapists_on_reset_password_token' AND type='index'
            UNION ALL
            SELECT sql
            FROM sqlite_temp_master
            WHERE name='index_therapists_on_reset_password_token' AND type='index'

  [1m[36m (0.1ms)[0m  [1m            SELECT sql
            FROM sqlite_master
            WHERE name='index_therapists_on_email' AND type='index'
            UNION ALL
            SELECT sql
            FROM sqlite_temp_master
            WHERE name='index_therapists_on_email' AND type='index'
[0m
  [1m[36mActiveRecord::SchemaMigration Load (0.1ms)[0m  [1mSELECT "schema_migrations".* FROM "schema_migrations"[0m
  [1m[35mActiveRecord::SchemaMigration Load (0.1ms)[0m  SELECT "schema_migrations".* FROM "schema_migrations"
  [1m[36m (0.2ms)[0m  [1m            SELECT sql
            FROM sqlite_master
            WHERE name='index_clients_on_reset_password_token' AND type='index'
            UNION ALL
            SELECT sql
            FROM sqlite_temp_master
            WHERE name='index_clients_on_reset_password_token' AND type='index'
[0m
  [1m[35m (0.1ms)[0m              SELECT sql
            FROM sqlite_master
            WHERE name='index_clients_on_email' AND type='index'
            UNION ALL
            SELECT sql
            FROM sqlite_temp_master
            WHERE name='index_clients_on_email' AND type='index'

  [1m[36m (0.1ms)[0m  [1m            SELECT sql
            FROM sqlite_master
            WHERE name='index_therapists_on_reset_password_token' AND type='index'
            UNION ALL
            SELECT sql
            FROM sqlite_temp_master
            WHERE name='index_therapists_on_reset_password_token' AND type='index'
[0m
  [1m[35m (0.1ms)[0m              SELECT sql
            FROM sqlite_master
            WHERE name='index_therapists_on_email' AND type='index'
            UNION ALL
            SELECT sql
            FROM sqlite_temp_master
            WHERE name='index_therapists_on_email' AND type='index'

  [1m[36m (1.6ms)[0m  [1mCREATE TABLE "schema_migrations" ("version" varchar(255) NOT NULL) [0m
  [1m[35m (0.1ms)[0m  select sqlite_version(*)
  [1m[36m (0.9ms)[0m  [1mCREATE UNIQUE INDEX "unique_schema_migrations" ON "schema_migrations" ("version")[0m
  [1m[35mActiveRecord::SchemaMigration Load (0.1ms)[0m  SELECT "schema_migrations".* FROM "schema_migrations"
Migrating to CreateClients (20141006190400)
  [1m[36m (0.1ms)[0m  [1mbegin transaction[0m
  [1m[35m (0.5ms)[0m  CREATE TABLE "clients" ("id" INTEGER PRIMARY KEY AUTOINCREMENT NOT NULL, "created_at" datetime, "updated_at" datetime) 
  [1m[36mSQL (0.3ms)[0m  [1mINSERT INTO "schema_migrations" ("version") VALUES (?)[0m  [["version", "20141006190400"]]
  [1m[35m (0.9ms)[0m  commit transaction
Migrating to CreateTherapists (20141006190413)
  [1m[36m (0.1ms)[0m  [1mbegin transaction[0m
  [1m[35m (0.4ms)[0m  CREATE TABLE "therapists" ("id" INTEGER PRIMARY KEY AUTOINCREMENT NOT NULL, "name" varchar(255), "created_at" datetime, "updated_at" datetime) 
  [1m[36mSQL (0.2ms)[0m  [1mINSERT INTO "schema_migrations" ("version") VALUES (?)[0m  [["version", "20141006190413"]]
  [1m[35m (0.8ms)[0m  commit transaction
Migrating to CreateAppointments (20141006190423)
  [1m[36m (0.1ms)[0m  [1mbegin transaction[0m
  [1m[35m (0.4ms)[0m  CREATE TABLE "appointments" ("id" INTEGER PRIMARY KEY AUTOINCREMENT NOT NULL, "client_id" integer, "therapist_id" integer, "date" date, "start_time" time, "end_time" time, "reserved" boolean, "created_at" datetime, "updated_at" datetime) 
  [1m[36mSQL (0.2ms)[0m  [1mINSERT INTO "schema_migrations" ("version") VALUES (?)[0m  [["version", "20141006190423"]]
  [1m[35m (1.0ms)[0m  commit transaction
Migrating to AddDeviseToClients (20141006191813)
  [1m[36m (0.1ms)[0m  [1mbegin transaction[0m
  [1m[35m (0.4ms)[0m  ALTER TABLE "clients" ADD "email" varchar(255) DEFAULT '' NOT NULL
  [1m[36m (0.2ms)[0m  [1mALTER TABLE "clients" ADD "encrypted_password" varchar(255) DEFAULT '' NOT NULL[0m
  [1m[35m (0.2ms)[0m  ALTER TABLE "clients" ADD "reset_password_token" varchar(255)
  [1m[36m (0.1ms)[0m  [1mALTER TABLE "clients" ADD "reset_password_sent_at" datetime[0m
  [1m[35m (0.2ms)[0m  ALTER TABLE "clients" ADD "remember_created_at" datetime
  [1m[36m (0.3ms)[0m  [1mALTER TABLE "clients" ADD "sign_in_count" integer DEFAULT 0 NOT NULL[0m
  [1m[35m (0.2ms)[0m  ALTER TABLE "clients" ADD "current_sign_in_at" datetime
  [1m[36m (0.2ms)[0m  [1mALTER TABLE "clients" ADD "last_sign_in_at" datetime[0m
  [1m[35m (0.2ms)[0m  ALTER TABLE "clients" ADD "current_sign_in_ip" varchar(255)
  [1m[36m (0.2ms)[0m  [1mALTER TABLE "clients" ADD "last_sign_in_ip" varchar(255)[0m
  [1m[35m (1.2ms)[0m  CREATE UNIQUE INDEX "index_clients_on_email" ON "clients" ("email")
  [1m[36m (0.1ms)[0m  [1m            SELECT sql
            FROM sqlite_master
            WHERE name='index_clients_on_email' AND type='index'
            UNION ALL
            SELECT sql
            FROM sqlite_temp_master
            WHERE name='index_clients_on_email' AND type='index'
[0m
  [1m[35m (0.2ms)[0m  CREATE UNIQUE INDEX "index_clients_on_reset_password_token" ON "clients" ("reset_password_token")
  [1m[36mSQL (0.2ms)[0m  [1mINSERT INTO "schema_migrations" ("version") VALUES (?)[0m  [["version", "20141006191813"]]
  [1m[35m (1.0ms)[0m  commit transaction
Migrating to AddDeviseToTherapists (20141006194214)
  [1m[36m (0.1ms)[0m  [1mbegin transaction[0m
  [1m[35m (0.4ms)[0m  ALTER TABLE "therapists" ADD "email" varchar(255) DEFAULT '' NOT NULL
  [1m[36m (0.2ms)[0m  [1mALTER TABLE "therapists" ADD "encrypted_password" varchar(255) DEFAULT '' NOT NULL[0m
  [1m[35m (0.2ms)[0m  ALTER TABLE "therapists" ADD "reset_password_token" varchar(255)
  [1m[36m (0.2ms)[0m  [1mALTER TABLE "therapists" ADD "reset_password_sent_at" datetime[0m
  [1m[35m (0.2ms)[0m  ALTER TABLE "therapists" ADD "remember_created_at" datetime
  [1m[36m (0.2ms)[0m  [1mALTER TABLE "therapists" ADD "sign_in_count" integer DEFAULT 0 NOT NULL[0m
  [1m[35m (0.2ms)[0m  ALTER TABLE "therapists" ADD "current_sign_in_at" datetime
  [1m[36m (0.2ms)[0m  [1mALTER TABLE "therapists" ADD "last_sign_in_at" datetime[0m
  [1m[35m (0.2ms)[0m  ALTER TABLE "therapists" ADD "current_sign_in_ip" varchar(255)
  [1m[36m (0.2ms)[0m  [1mALTER TABLE "therapists" ADD "last_sign_in_ip" varchar(255)[0m
  [1m[35m (0.5ms)[0m  CREATE UNIQUE INDEX "index_therapists_on_email" ON "therapists" ("email")
  [1m[36m (0.1ms)[0m  [1m            SELECT sql
            FROM sqlite_master
            WHERE name='index_therapists_on_email' AND type='index'
            UNION ALL
            SELECT sql
            FROM sqlite_temp_master
            WHERE name='index_therapists_on_email' AND type='index'
[0m
  [1m[35m (0.2ms)[0m  CREATE UNIQUE INDEX "index_therapists_on_reset_password_token" ON "therapists" ("reset_password_token")
  [1m[36mSQL (0.2ms)[0m  [1mINSERT INTO "schema_migrations" ("version") VALUES (?)[0m  [["version", "20141006194214"]]
  [1m[35m (1.1ms)[0m  commit transaction
  [1m[36mActiveRecord::SchemaMigration Load (0.2ms)[0m  [1mSELECT "schema_migrations".* FROM "schema_migrations"[0m
  [1m[35m (0.2ms)[0m              SELECT sql
            FROM sqlite_master
            WHERE name='index_clients_on_reset_password_token' AND type='index'
            UNION ALL
            SELECT sql
            FROM sqlite_temp_master
            WHERE name='index_clients_on_reset_password_token' AND type='index'

  [1m[36m (0.2ms)[0m  [1m            SELECT sql
            FROM sqlite_master
            WHERE name='index_clients_on_email' AND type='index'
            UNION ALL
            SELECT sql
            FROM sqlite_temp_master
            WHERE name='index_clients_on_email' AND type='index'
[0m
  [1m[35m (0.1ms)[0m              SELECT sql
            FROM sqlite_master
            WHERE name='index_therapists_on_reset_password_token' AND type='index'
            UNION ALL
            SELECT sql
            FROM sqlite_temp_master
            WHERE name='index_therapists_on_reset_password_token' AND type='index'

  [1m[36m (0.1ms)[0m  [1m            SELECT sql
            FROM sqlite_master
            WHERE name='index_therapists_on_email' AND type='index'
            UNION ALL
            SELECT sql
            FROM sqlite_temp_master
            WHERE name='index_therapists_on_email' AND type='index'
[0m
  [1m[36mActiveRecord::SchemaMigration Load (0.1ms)[0m  [1mSELECT "schema_migrations".* FROM "schema_migrations"[0m
Migrating to AddDetailsToAppointments (20141006195058)
  [1m[35m (0.1ms)[0m  begin transaction
  [1m[36m (0.7ms)[0m  [1mALTER TABLE "appointments" ADD "client_id" integer[0m
SQLite3::SQLException: duplicate column name: client_id: ALTER TABLE "appointments" ADD "client_id" integer
  [1m[35m (0.1ms)[0m  rollback transaction
  [1m[36mActiveRecord::SchemaMigration Load (0.1ms)[0m  [1mSELECT "schema_migrations".* FROM "schema_migrations"[0m
  [1m[35mActiveRecord::SchemaMigration Load (0.1ms)[0m  SELECT "schema_migrations".* FROM "schema_migrations"
  [1m[36m (0.2ms)[0m  [1m            SELECT sql
            FROM sqlite_master
            WHERE name='index_clients_on_reset_password_token' AND type='index'
            UNION ALL
            SELECT sql
            FROM sqlite_temp_master
            WHERE name='index_clients_on_reset_password_token' AND type='index'
[0m
  [1m[35m (0.2ms)[0m              SELECT sql
            FROM sqlite_master
            WHERE name='index_clients_on_email' AND type='index'
            UNION ALL
            SELECT sql
            FROM sqlite_temp_master
            WHERE name='index_clients_on_email' AND type='index'

  [1m[36m (0.1ms)[0m  [1m            SELECT sql
            FROM sqlite_master
            WHERE name='index_therapists_on_reset_password_token' AND type='index'
            UNION ALL
            SELECT sql
            FROM sqlite_temp_master
            WHERE name='index_therapists_on_reset_password_token' AND type='index'
[0m
  [1m[35m (0.3ms)[0m              SELECT sql
            FROM sqlite_master
            WHERE name='index_therapists_on_email' AND type='index'
            UNION ALL
            SELECT sql
            FROM sqlite_temp_master
            WHERE name='index_therapists_on_email' AND type='index'



Started GET "/" for 127.0.0.1 at 2014-10-06 13:33:55 -0700
  [1m[36mActiveRecord::SchemaMigration Load (0.2ms)[0m  [1mSELECT "schema_migrations".* FROM "schema_migrations"[0m
Processing by Rails::WelcomeController#index as HTML
  Rendered vendor/bundle/gems/railties-4.1.6/lib/rails/templates/rails/welcome/index.html.erb (1.4ms)
Completed 200 OK in 18ms (Views: 7.3ms | ActiveRecord: 0.0ms)


Started GET "/therapists/login" for 127.0.0.1 at 2014-10-06 13:34:11 -0700
Processing by TherapistsController#show as HTML
  Parameters: {"id"=>"login"}
  [1m[35mTherapist Load (0.1ms)[0m  SELECT  "therapists".* FROM "therapists"  WHERE "therapists"."id" = ? LIMIT 1  [["id", 0]]
Completed 404 Not Found in 3ms

ActiveRecord::RecordNotFound - Couldn't find Therapist with 'id'=login:
  activerecord (4.1.6) lib/active_record/relation/finder_methods.rb:320:in `raise_record_not_found_exception!'
  activerecord (4.1.6) lib/active_record/relation/finder_methods.rb:429:in `find_one'
  activerecord (4.1.6) lib/active_record/relation/finder_methods.rb:413:in `find_with_ids'
  activerecord (4.1.6) lib/active_record/relation/finder_methods.rb:68:in `find'
  activerecord (4.1.6) lib/active_record/querying.rb:3:in `find'
   () Users/reedns/projects/scheduling-app/app/controllers/therapists_controller.rb:51:in `set_therapist'
  activesupport (4.1.6) lib/active_support/callbacks.rb:424:in `block in make_lambda'
  activesupport (4.1.6) lib/active_support/callbacks.rb:143:in `block in halting_and_conditional'
  activesupport (4.1.6) lib/active_support/callbacks.rb:229:in `block in halting'
  activesupport (4.1.6) lib/active_support/callbacks.rb:229:in `block in halting'
  activesupport (4.1.6) lib/active_support/callbacks.rb:166:in `block in halting'
  activesupport (4.1.6) lib/active_support/callbacks.rb:166:in `block in halting'
  activesupport (4.1.6) lib/active_support/callbacks.rb:166:in `block in halting'
  activesupport (4.1.6) lib/active_support/callbacks.rb:86:in `run_callbacks'
  actionpack (4.1.6) lib/abstract_controller/callbacks.rb:19:in `process_action'
  actionpack (4.1.6) lib/action_controller/metal/rescue.rb:29:in `process_action'
  actionpack (4.1.6) lib/action_controller/metal/instrumentation.rb:31:in `block in process_action'
  activesupport (4.1.6) lib/active_support/notifications.rb:159:in `block in instrument'
  activesupport (4.1.6) lib/active_support/notifications/instrumenter.rb:20:in `instrument'
  activesupport (4.1.6) lib/active_support/notifications.rb:159:in `instrument'
  actionpack (4.1.6) lib/action_controller/metal/instrumentation.rb:30:in `process_action'
  actionpack (4.1.6) lib/action_controller/metal/params_wrapper.rb:250:in `process_action'
  activerecord (4.1.6) lib/active_record/railties/controller_runtime.rb:18:in `process_action'
  actionpack (4.1.6) lib/abstract_controller/base.rb:136:in `process'
  actionview (4.1.6) lib/action_view/rendering.rb:30:in `process'
  actionpack (4.1.6) lib/action_controller/metal.rb:196:in `dispatch'
  actionpack (4.1.6) lib/action_controller/metal/rack_delegation.rb:13:in `dispatch'
  actionpack (4.1.6) lib/action_controller/metal.rb:232:in `block in action'
  actionpack (4.1.6) lib/action_dispatch/routing/route_set.rb:82:in `dispatch'
  actionpack (4.1.6) lib/action_dispatch/routing/route_set.rb:50:in `call'
  actionpack (4.1.6) lib/action_dispatch/journey/router.rb:73:in `block in call'
  actionpack (4.1.6) lib/action_dispatch/journey/router.rb:59:in `call'
  actionpack (4.1.6) lib/action_dispatch/routing/route_set.rb:678:in `call'
  warden (1.2.3) lib/warden/manager.rb:35:in `block in call'
  warden (1.2.3) lib/warden/manager.rb:34:in `call'
  rack (1.5.2) lib/rack/etag.rb:23:in `call'
  rack (1.5.2) lib/rack/conditionalget.rb:25:in `call'
  rack (1.5.2) lib/rack/head.rb:11:in `call'
  actionpack (4.1.6) lib/action_dispatch/middleware/params_parser.rb:27:in `call'
  actionpack (4.1.6) lib/action_dispatch/middleware/flash.rb:254:in `call'
  rack (1.5.2) lib/rack/session/abstract/id.rb:225:in `context'
  rack (1.5.2) lib/rack/session/abstract/id.rb:220:in `call'
  actionpack (4.1.6) lib/action_dispatch/middleware/cookies.rb:560:in `call'
  activerecord (4.1.6) lib/active_record/query_cache.rb:36:in `call'
  activerecord (4.1.6) lib/active_record/connection_adapters/abstract/connection_pool.rb:621:in `call'
  activerecord (4.1.6) lib/active_record/migration.rb:380:in `call'
  actionpack (4.1.6) lib/action_dispatch/middleware/callbacks.rb:29:in `block in call'
  activesupport (4.1.6) lib/active_support/callbacks.rb:82:in `run_callbacks'
  actionpack (4.1.6) lib/action_dispatch/middleware/callbacks.rb:27:in `call'
  actionpack (4.1.6) lib/action_dispatch/middleware/reloader.rb:73:in `call'
  actionpack (4.1.6) lib/action_dispatch/middleware/remote_ip.rb:76:in `call'
  better_errors (2.0.0) lib/better_errors/middleware.rb:84:in `protected_app_call'
  better_errors (2.0.0) lib/better_errors/middleware.rb:79:in `better_errors_call'
  better_errors (2.0.0) lib/better_errors/middleware.rb:57:in `call'
  actionpack (4.1.6) lib/action_dispatch/middleware/debug_exceptions.rb:17:in `call'
  actionpack (4.1.6) lib/action_dispatch/middleware/show_exceptions.rb:30:in `call'
  railties (4.1.6) lib/rails/rack/logger.rb:38:in `call_app'
  railties (4.1.6) lib/rails/rack/logger.rb:20:in `block in call'
  activesupport (4.1.6) lib/active_support/tagged_logging.rb:68:in `block in tagged'
  activesupport (4.1.6) lib/active_support/tagged_logging.rb:26:in `tagged'
  activesupport (4.1.6) lib/active_support/tagged_logging.rb:68:in `tagged'
  railties (4.1.6) lib/rails/rack/logger.rb:20:in `call'
  actionpack (4.1.6) lib/action_dispatch/middleware/request_id.rb:21:in `call'
  rack (1.5.2) lib/rack/methodoverride.rb:21:in `call'
  rack (1.5.2) lib/rack/runtime.rb:17:in `call'
  activesupport (4.1.6) lib/active_support/cache/strategy/local_cache_middleware.rb:26:in `call'
  rack (1.5.2) lib/rack/lock.rb:17:in `call'
  actionpack (4.1.6) lib/action_dispatch/middleware/static.rb:64:in `call'
  rack (1.5.2) lib/rack/sendfile.rb:112:in `call'
  railties (4.1.6) lib/rails/engine.rb:514:in `call'
  railties (4.1.6) lib/rails/application.rb:144:in `call'
  rack (1.5.2) lib/rack/lock.rb:17:in `call'
  rack (1.5.2) lib/rack/content_length.rb:14:in `call'
  rack (1.5.2) lib/rack/handler/webrick.rb:60:in `service'
   () Users/reedns/.rvm/rubies/ruby-2.1.2/lib/ruby/2.1.0/webrick/httpserver.rb:138:in `service'
   () Users/reedns/.rvm/rubies/ruby-2.1.2/lib/ruby/2.1.0/webrick/httpserver.rb:94:in `run'
   () Users/reedns/.rvm/rubies/ruby-2.1.2/lib/ruby/2.1.0/webrick/server.rb:295:in `block in start_thread'



Started POST "/__better_errors/41e917029eae4c7c/variables" for 127.0.0.1 at 2014-10-06 13:34:11 -0700


Started GET "/routes" for 127.0.0.1 at 2014-10-06 13:34:20 -0700

ActionController::RoutingError (No route matches [GET] "/routes"):
  vendor/bundleactionpack (4.1.6) lib/action_dispatch/middleware/debug_exceptions.rb:21:in `call'
  vendor/bundleactionpack (4.1.6) lib/action_dispatch/middleware/show_exceptions.rb:30:in `call'
  vendor/bundlerailties (4.1.6) lib/rails/rack/logger.rb:38:in `call_app'
  vendor/bundlerailties (4.1.6) lib/rails/rack/logger.rb:20:in `block in call'
  vendor/bundleactivesupport (4.1.6) lib/active_support/tagged_logging.rb:68:in `block in tagged'
  vendor/bundleactivesupport (4.1.6) lib/active_support/tagged_logging.rb:26:in `tagged'
  vendor/bundleactivesupport (4.1.6) lib/active_support/tagged_logging.rb:68:in `tagged'
  vendor/bundlerailties (4.1.6) lib/rails/rack/logger.rb:20:in `call'
  vendor/bundleactionpack (4.1.6) lib/action_dispatch/middleware/request_id.rb:21:in `call'
  vendor/bundlerack (1.5.2) lib/rack/methodoverride.rb:21:in `call'
  vendor/bundlerack (1.5.2) lib/rack/runtime.rb:17:in `call'
  vendor/bundleactivesupport (4.1.6) lib/active_support/cache/strategy/local_cache_middleware.rb:26:in `call'
  vendor/bundlerack (1.5.2) lib/rack/lock.rb:17:in `call'
  vendor/bundleactionpack (4.1.6) lib/action_dispatch/middleware/static.rb:64:in `call'
  vendor/bundlerack (1.5.2) lib/rack/sendfile.rb:112:in `call'
  vendor/bundlerailties (4.1.6) lib/rails/engine.rb:514:in `call'
  vendor/bundlerailties (4.1.6) lib/rails/application.rb:144:in `call'
  vendor/bundlerack (1.5.2) lib/rack/lock.rb:17:in `call'
  vendor/bundlerack (1.5.2) lib/rack/content_length.rb:14:in `call'
  vendor/bundlerack (1.5.2) lib/rack/handler/webrick.rb:60:in `service'
  /Users/reedns/.rvm/rubies/ruby-2.1.2/lib/ruby/2.1.0/webrick/httpserver.rb:138:in `service'
  /Users/reedns/.rvm/rubies/ruby-2.1.2/lib/ruby/2.1.0/webrick/httpserver.rb:94:in `run'
  /Users/reedns/.rvm/rubies/ruby-2.1.2/lib/ruby/2.1.0/webrick/server.rb:295:in `block in start_thread'


  Rendered vendor/bundle/gems/actionpack-4.1.6/lib/action_dispatch/middleware/templates/rescues/_trace.html.erb (1.0ms)
  Rendered vendor/bundle/gems/actionpack-4.1.6/lib/action_dispatch/middleware/templates/routes/_route.html.erb (3.0ms)
  Rendered vendor/bundle/gems/actionpack-4.1.6/lib/action_dispatch/middleware/templates/routes/_table.html.erb (6.2ms)
  Rendered vendor/bundle/gems/actionpack-4.1.6/lib/action_dispatch/middleware/templates/rescues/routing_error.html.erb within rescues/layout (36.3ms)


Started GET "/therapist/sign_in" for 127.0.0.1 at 2014-10-06 13:34:36 -0700

ActionController::RoutingError (No route matches [GET] "/therapist/sign_in"):
  vendor/bundleactionpack (4.1.6) lib/action_dispatch/middleware/debug_exceptions.rb:21:in `call'
  vendor/bundleactionpack (4.1.6) lib/action_dispatch/middleware/show_exceptions.rb:30:in `call'
  vendor/bundlerailties (4.1.6) lib/rails/rack/logger.rb:38:in `call_app'
  vendor/bundlerailties (4.1.6) lib/rails/rack/logger.rb:20:in `block in call'
  vendor/bundleactivesupport (4.1.6) lib/active_support/tagged_logging.rb:68:in `block in tagged'
  vendor/bundleactivesupport (4.1.6) lib/active_support/tagged_logging.rb:26:in `tagged'
  vendor/bundleactivesupport (4.1.6) lib/active_support/tagged_logging.rb:68:in `tagged'
  vendor/bundlerailties (4.1.6) lib/rails/rack/logger.rb:20:in `call'
  vendor/bundleactionpack (4.1.6) lib/action_dispatch/middleware/request_id.rb:21:in `call'
  vendor/bundlerack (1.5.2) lib/rack/methodoverride.rb:21:in `call'
  vendor/bundlerack (1.5.2) lib/rack/runtime.rb:17:in `call'
  vendor/bundleactivesupport (4.1.6) lib/active_support/cache/strategy/local_cache_middleware.rb:26:in `call'
  vendor/bundlerack (1.5.2) lib/rack/lock.rb:17:in `call'
  vendor/bundleactionpack (4.1.6) lib/action_dispatch/middleware/static.rb:64:in `call'
  vendor/bundlerack (1.5.2) lib/rack/sendfile.rb:112:in `call'
  vendor/bundlerailties (4.1.6) lib/rails/engine.rb:514:in `call'
  vendor/bundlerailties (4.1.6) lib/rails/application.rb:144:in `call'
  vendor/bundlerack (1.5.2) lib/rack/lock.rb:17:in `call'
  vendor/bundlerack (1.5.2) lib/rack/content_length.rb:14:in `call'
  vendor/bundlerack (1.5.2) lib/rack/handler/webrick.rb:60:in `service'
  /Users/reedns/.rvm/rubies/ruby-2.1.2/lib/ruby/2.1.0/webrick/httpserver.rb:138:in `service'
  /Users/reedns/.rvm/rubies/ruby-2.1.2/lib/ruby/2.1.0/webrick/httpserver.rb:94:in `run'
  /Users/reedns/.rvm/rubies/ruby-2.1.2/lib/ruby/2.1.0/webrick/server.rb:295:in `block in start_thread'


  Rendered vendor/bundle/gems/actionpack-4.1.6/lib/action_dispatch/middleware/templates/rescues/_trace.html.erb (0.8ms)
  Rendered vendor/bundle/gems/actionpack-4.1.6/lib/action_dispatch/middleware/templates/routes/_route.html.erb (2.9ms)
  Rendered vendor/bundle/gems/actionpack-4.1.6/lib/action_dispatch/middleware/templates/routes/_table.html.erb (0.8ms)
  Rendered vendor/bundle/gems/actionpack-4.1.6/lib/action_dispatch/middleware/templates/rescues/routing_error.html.erb within rescues/layout (24.5ms)


Started GET "/therapists/sign_in" for 127.0.0.1 at 2014-10-06 13:34:49 -0700
Processing by Devise::SessionsController#new as HTML
  Rendered vendor/bundle/gems/devise-3.2.4/app/views/devise/shared/_links.erb (1.1ms)
  Rendered vendor/bundle/gems/devise-3.2.4/app/views/devise/sessions/new.html.erb within layouts/application (15.1ms)
Completed 200 OK in 753ms (Views: 740.9ms | ActiveRecord: 0.0ms)


Started GET "/assets/appointments.css?body=1" for 127.0.0.1 at 2014-10-06 13:34:49 -0700


Started GET "/assets/clients.css?body=1" for 127.0.0.1 at 2014-10-06 13:34:49 -0700


Started GET "/assets/therapists.css?body=1" for 127.0.0.1 at 2014-10-06 13:34:49 -0700


Started GET "/assets/application.css?body=1" for 127.0.0.1 at 2014-10-06 13:34:49 -0700


Started GET "/assets/appointments.js?body=1" for 127.0.0.1 at 2014-10-06 13:34:49 -0700


Started GET "/assets/scaffolds.css?body=1" for 127.0.0.1 at 2014-10-06 13:34:49 -0700


Started GET "/assets/clients.js?body=1" for 127.0.0.1 at 2014-10-06 13:34:49 -0700


Started GET "/assets/therapists.js?body=1" for 127.0.0.1 at 2014-10-06 13:34:49 -0700


Started GET "/assets/jquery.js?body=1" for 127.0.0.1 at 2014-10-06 13:34:49 -0700


Started GET "/assets/jquery_ujs.js?body=1" for 127.0.0.1 at 2014-10-06 13:34:49 -0700


Started GET "/assets/turbolinks.js?body=1" for 127.0.0.1 at 2014-10-06 13:34:49 -0700


Started GET "/assets/application.js?body=1" for 127.0.0.1 at 2014-10-06 13:34:49 -0700
